Sun Jul 27 11:08:37 EDT 2025: Starting development server monitor
Sun Jul 27 11:08:39 EDT 2025: Server is running properly
Sun Jul 27 11:09:09 EDT 2025: Server is running properly
Sun Jul 27 11:09:39 EDT 2025: Server is running properly
Sun Jul 27 11:10:09 EDT 2025: Server is running properly
Sun Jul 27 11:10:39 EDT 2025: Server is running properly
Sun Jul 27 11:11:09 EDT 2025: Server is running properly
Sun Jul 27 11:11:39 EDT 2025: Server is running properly
Sun Jul 27 11:12:09 EDT 2025: Server is running properly
Sun Jul 27 11:12:39 EDT 2025: Server is running properly
Sun Jul 27 11:13:09 EDT 2025: Server is running properly
Sun Jul 27 11:13:39 EDT 2025: Server is running properly
Sun Jul 27 11:14:09 EDT 2025: Server is running properly
Sun Jul 27 11:14:39 EDT 2025: Server is running properly
Sun Jul 27 11:15:10 EDT 2025: Server is running properly
Sun Jul 27 11:15:40 EDT 2025: Server is running properly
Sun Jul 27 11:16:10 EDT 2025: Server is running properly
Sun Jul 27 11:16:40 EDT 2025: Server is running properly
Sun Jul 27 11:17:10 EDT 2025: Server is running properly
Sun Jul 27 11:17:40 EDT 2025: Server is running properly
Sun Jul 27 11:18:10 EDT 2025: Server is running properly
Sun Jul 27 11:18:40 EDT 2025: Server is running properly
Sun Jul 27 11:19:10 EDT 2025: Server is running properly
Sun Jul 27 11:19:40 EDT 2025: Server is running properly
Sun Jul 27 11:20:10 EDT 2025: Server is running properly
Sun Jul 27 11:20:40 EDT 2025: Server is running properly
Sun Jul 27 11:21:10 EDT 2025: Server is running properly
Sun Jul 27 11:21:40 EDT 2025: Server is running properly
Sun Jul 27 11:22:10 EDT 2025: Server is running properly
Sun Jul 27 11:22:40 EDT 2025: Server is running properly
Sun Jul 27 11:23:10 EDT 2025: Server is running properly
Sun Jul 27 11:23:40 EDT 2025: Server is running properly
Sun Jul 27 11:24:11 EDT 2025: Server is running properly
Sun Jul 27 11:24:41 EDT 2025: Server is running properly
Sun Jul 27 11:25:11 EDT 2025: Server is running properly
Sun Jul 27 11:25:41 EDT 2025: Server is running properly
Sun Jul 27 11:26:11 EDT 2025: Server is running properly
Sun Jul 27 11:26:41 EDT 2025: Server is running properly
Sun Jul 27 11:27:11 EDT 2025: Server is running properly
Sun Jul 27 11:27:41 EDT 2025: Server is running properly
Sun Jul 27 11:28:11 EDT 2025: Server is running properly
Sun Jul 27 11:28:41 EDT 2025: Server is running properly
Sun Jul 27 11:29:11 EDT 2025: Server is running properly
Sun Jul 27 11:29:41 EDT 2025: Server is running properly
Sun Jul 27 11:30:11 EDT 2025: Server is running properly
Sun Jul 27 11:30:41 EDT 2025: Server is running properly
Sun Jul 27 11:31:11 EDT 2025: Server is running properly
Sun Jul 27 11:31:41 EDT 2025: Server is running properly
Sun Jul 27 11:32:12 EDT 2025: Server is running properly
Sun Jul 27 11:32:42 EDT 2025: Server is running properly
Sun Jul 27 11:33:12 EDT 2025: Server is running properly
Sun Jul 27 11:33:42 EDT 2025: Server is running properly
Sun Jul 27 11:34:12 EDT 2025: Server is running properly
Sun Jul 27 11:34:42 EDT 2025: Server is running properly
Sun Jul 27 11:35:12 EDT 2025: Server is running properly
Sun Jul 27 11:35:42 EDT 2025: Server is running properly
Sun Jul 27 11:36:12 EDT 2025: Server is running properly
Sun Jul 27 11:36:43 EDT 2025: Server is running properly
Sun Jul 27 11:37:13 EDT 2025: Server is running properly
Sun Jul 27 11:37:43 EDT 2025: Server is running properly
Sun Jul 27 11:38:13 EDT 2025: Server is running properly
Sun Jul 27 11:38:43 EDT 2025: Server is running properly
Sun Jul 27 11:39:13 EDT 2025: Server is running properly
Sun Jul 27 11:39:43 EDT 2025: Server is running properly
Sun Jul 27 11:40:13 EDT 2025: Server is running properly
Sun Jul 27 11:40:43 EDT 2025: Server is running properly
Sun Jul 27 11:41:13 EDT 2025: Server is running properly
Sun Jul 27 11:41:43 EDT 2025: Server is running properly
Sun Jul 27 11:42:13 EDT 2025: Server is running properly
Sun Jul 27 11:42:43 EDT 2025: Server is running properly
Sun Jul 27 11:43:13 EDT 2025: Server is running properly
Sun Jul 27 11:43:43 EDT 2025: Server is running properly
Sun Jul 27 11:44:13 EDT 2025: Server is running properly
Sun Jul 27 11:44:43 EDT 2025: Server is running properly
Sun Jul 27 11:45:14 EDT 2025: Server is running properly
Sun Jul 27 11:45:44 EDT 2025: Server is running properly
Sun Jul 27 11:46:14 EDT 2025: Server is running properly
Sun Jul 27 11:46:44 EDT 2025: Server is running properly
Sun Jul 27 11:47:14 EDT 2025: Server is running properly
Sun Jul 27 11:47:44 EDT 2025: Server is running properly
Sun Jul 27 11:48:14 EDT 2025: Server is running properly
Sun Jul 27 11:48:44 EDT 2025: Server is running properly
Sun Jul 27 11:49:14 EDT 2025: Server is running properly
Sun Jul 27 11:49:44 EDT 2025: Server is running properly
Sun Jul 27 11:50:14 EDT 2025: Server is running properly
Sun Jul 27 11:50:44 EDT 2025: Server is running properly
Sun Jul 27 11:51:14 EDT 2025: Server is running properly
Sun Jul 27 11:51:44 EDT 2025: Server is running properly
Sun Jul 27 11:52:14 EDT 2025: Server is running properly
Sun Jul 27 11:52:44 EDT 2025: Server is running properly
Sun Jul 27 11:53:14 EDT 2025: Server is running properly
Sun Jul 27 11:53:45 EDT 2025: Server is running properly
Sun Jul 27 11:54:15 EDT 2025: Server is running properly
Sun Jul 27 11:54:45 EDT 2025: Server is running properly
Sun Jul 27 11:55:15 EDT 2025: Server is running properly
Sun Jul 27 11:55:45 EDT 2025: Server is running properly
Sun Jul 27 11:56:15 EDT 2025: Server is running properly
Sun Jul 27 11:56:45 EDT 2025: Server is running properly
Sun Jul 27 11:57:15 EDT 2025: Server is running properly
Sun Jul 27 11:57:45 EDT 2025: Server is running properly
Sun Jul 27 11:58:15 EDT 2025: Server is running properly
Sun Jul 27 11:58:45 EDT 2025: Server is running properly
Sun Jul 27 11:59:15 EDT 2025: Server is running properly
Sun Jul 27 11:59:45 EDT 2025: Server is running properly
Sun Jul 27 12:00:15 EDT 2025: Server is running properly
Sun Jul 27 12:00:45 EDT 2025: Server is running properly
Sun Jul 27 12:01:15 EDT 2025: Server is running properly
Sun Jul 27 12:01:46 EDT 2025: Server is running properly
Sun Jul 27 12:02:16 EDT 2025: Server is running properly
Sun Jul 27 12:02:46 EDT 2025: Server is running properly
Sun Jul 27 12:03:16 EDT 2025: Server is running properly
Sun Jul 27 12:03:46 EDT 2025: Server is running properly
Sun Jul 27 12:04:16 EDT 2025: Server is running properly
Sun Jul 27 12:04:46 EDT 2025: Server is running properly
Sun Jul 27 12:05:16 EDT 2025: Server is running properly
Sun Jul 27 12:05:46 EDT 2025: Server is running properly
Sun Jul 27 12:06:17 EDT 2025: Server is running properly
Sun Jul 27 12:06:47 EDT 2025: Server is running properly
Sun Jul 27 12:07:17 EDT 2025: Server is running properly
Sun Jul 27 12:07:47 EDT 2025: Server is running properly
Sun Jul 27 12:08:17 EDT 2025: Server is running properly
Sun Jul 27 12:08:47 EDT 2025: Server is running properly
Sun Jul 27 12:09:17 EDT 2025: Server is running properly
Sun Jul 27 12:09:47 EDT 2025: Server is running properly
Sun Jul 27 12:10:17 EDT 2025: Server is running properly
Sun Jul 27 12:10:47 EDT 2025: Server is running properly
Sun Jul 27 12:11:17 EDT 2025: Server is running properly
Sun Jul 27 12:11:48 EDT 2025: Server is running properly
Sun Jul 27 12:12:18 EDT 2025: Server is running properly
Sun Jul 27 12:12:48 EDT 2025: Server is running properly
Sun Jul 27 12:13:18 EDT 2025: Server is running properly
Sun Jul 27 12:13:48 EDT 2025: Server is running properly
Sun Jul 27 12:14:18 EDT 2025: Server is running properly
Sun Jul 27 12:14:48 EDT 2025: Server is running properly
Sun Jul 27 12:15:18 EDT 2025: Server is running properly
Sun Jul 27 12:15:48 EDT 2025: Server is running properly
Sun Jul 27 12:16:18 EDT 2025: Server is running properly
Sun Jul 27 12:16:48 EDT 2025: Server is running properly
Sun Jul 27 12:17:18 EDT 2025: Server is running properly
Sun Jul 27 12:17:48 EDT 2025: Server is running properly
Sun Jul 27 12:18:18 EDT 2025: Server is running properly
Sun Jul 27 12:18:48 EDT 2025: Server is running properly
Sun Jul 27 12:19:19 EDT 2025: Server is running properly
Sun Jul 27 12:19:49 EDT 2025: Server is running properly
Sun Jul 27 12:20:19 EDT 2025: Server is running properly
Sun Jul 27 12:20:49 EDT 2025: Server is running properly
Sun Jul 27 12:21:19 EDT 2025: Server is running properly
Sun Jul 27 12:21:49 EDT 2025: Server is running properly
Sun Jul 27 12:22:19 EDT 2025: Server is running properly
Sun Jul 27 12:22:49 EDT 2025: Server is running properly
Sun Jul 27 12:23:19 EDT 2025: Server is running properly
Sun Jul 27 12:23:49 EDT 2025: Server is running properly
Sun Jul 27 12:24:19 EDT 2025: Server is running properly
Sun Jul 27 12:24:49 EDT 2025: Server is running properly
Sun Jul 27 12:25:19 EDT 2025: Server is running properly
Sun Jul 27 12:25:49 EDT 2025: Server is running properly
Sun Jul 27 12:26:19 EDT 2025: Server is running properly
Sun Jul 27 12:26:50 EDT 2025: Server is running properly
Sun Jul 27 12:27:20 EDT 2025: Server is running properly
Sun Jul 27 12:27:50 EDT 2025: Server is running properly
Sun Jul 27 12:28:20 EDT 2025: Server is running properly
Sun Jul 27 12:28:50 EDT 2025: Server is running properly
Sun Jul 27 12:29:20 EDT 2025: Server is running properly
Sun Jul 27 12:29:50 EDT 2025: Server is running properly
Sun Jul 27 12:30:20 EDT 2025: Server is running properly
Sun Jul 27 12:30:50 EDT 2025: Server is running properly
Sun Jul 27 12:31:20 EDT 2025: Server is running properly
Sun Jul 27 12:31:51 EDT 2025: Server is running properly
Sun Jul 27 12:32:21 EDT 2025: Server is running properly
Sun Jul 27 12:32:51 EDT 2025: Server is running properly
Sun Jul 27 12:33:21 EDT 2025: Server is running properly
Sun Jul 27 12:33:51 EDT 2025: Server is running properly
Sun Jul 27 12:34:21 EDT 2025: Server is running properly
Sun Jul 27 12:34:51 EDT 2025: Server is running properly
Sun Jul 27 12:35:22 EDT 2025: Server is running properly
Sun Jul 27 12:35:52 EDT 2025: Server is running properly
Sun Jul 27 12:36:22 EDT 2025: Server is running properly
Sun Jul 27 12:36:54 EDT 2025: Server is running properly
Sun Jul 27 12:37:24 EDT 2025: Server is running properly
Sun Jul 27 12:37:54 EDT 2025: Server is running properly
Sun Jul 27 12:38:24 EDT 2025: Server is running properly
Sun Jul 27 12:38:54 EDT 2025: Server is running properly
Sun Jul 27 12:39:24 EDT 2025: Server is running properly
Sun Jul 27 12:39:54 EDT 2025: Server is running properly
Sun Jul 27 12:40:24 EDT 2025: Server is running properly
Sun Jul 27 12:40:54 EDT 2025: Server is running properly
Sun Jul 27 12:41:24 EDT 2025: Server is running properly
Sun Jul 27 12:41:54 EDT 2025: Server is running properly
Sun Jul 27 12:42:25 EDT 2025: Server is running properly
Sun Jul 27 12:42:55 EDT 2025: Server is running properly
Sun Jul 27 12:43:25 EDT 2025: Server is running properly
Sun Jul 27 12:43:55 EDT 2025: Server is running properly
Sun Jul 27 12:44:25 EDT 2025: Server is running properly
Sun Jul 27 12:44:55 EDT 2025: Server is running properly
Sun Jul 27 12:45:25 EDT 2025: Server is running properly
Sun Jul 27 12:45:55 EDT 2025: Server is running properly
Sun Jul 27 12:46:25 EDT 2025: Server is running properly
Sun Jul 27 12:46:55 EDT 2025: Server is running properly
Sun Jul 27 12:47:25 EDT 2025: Server is running properly
Sun Jul 27 12:47:56 EDT 2025: Server is running properly
Sun Jul 27 12:48:26 EDT 2025: Server is running properly
Sun Jul 27 12:48:56 EDT 2025: Server is running properly
Sun Jul 27 12:49:26 EDT 2025: Server is running properly
Sun Jul 27 12:49:56 EDT 2025: Server is running properly
Sun Jul 27 12:50:26 EDT 2025: Server is running properly
Sun Jul 27 12:50:56 EDT 2025: Server is running properly
Sun Jul 27 12:51:26 EDT 2025: Server is running properly
Sun Jul 27 12:51:56 EDT 2025: Server is running properly
Sun Jul 27 12:52:27 EDT 2025: Server is running properly
Sun Jul 27 12:52:57 EDT 2025: Server is running properly
Sun Jul 27 12:53:27 EDT 2025: Server is running properly
Sun Jul 27 12:53:57 EDT 2025: Server is running properly
Sun Jul 27 12:54:27 EDT 2025: Server is running properly
Sun Jul 27 12:54:57 EDT 2025: Server is running properly
Sun Jul 27 12:55:27 EDT 2025: Server is running properly
Sun Jul 27 12:55:57 EDT 2025: Server is running properly
Sun Jul 27 12:56:27 EDT 2025: Server is running properly
Sun Jul 27 12:56:57 EDT 2025: Server is running properly
Sun Jul 27 12:57:27 EDT 2025: Server is running properly
Sun Jul 27 12:57:58 EDT 2025: Server is running properly
Sun Jul 27 12:58:28 EDT 2025: Server is running properly
Sun Jul 27 12:58:58 EDT 2025: Server is running properly
Sun Jul 27 12:59:28 EDT 2025: Server is running properly
Sun Jul 27 12:59:58 EDT 2025: Server is running properly
Sun Jul 27 13:00:28 EDT 2025: Server is running properly
Sun Jul 27 13:00:58 EDT 2025: Server process not found
Sun Jul 27 13:00:58 EDT 2025: Server is not running, restarting...
Sun Jul 27 13:00:58 EDT 2025: Restarting development server...
Sun Jul 27 13:01:00 EDT 2025: Starting development server...
Sun Jul 27 13:01:00 EDT 2025: Server started with PID 58549
Sun Jul 27 13:01:41 EDT 2025: Server is running properly
Sun Jul 27 13:02:11 EDT 2025: Server is running properly
Sun Jul 27 13:02:41 EDT 2025: Server is running properly
Sun Jul 27 13:03:11 EDT 2025: Server is running properly
Sun Jul 27 13:03:41 EDT 2025: Server is running properly
Sun Jul 27 13:04:13 EDT 2025: Server is running properly
Sun Jul 27 13:04:43 EDT 2025: Server is running properly
Sun Jul 27 13:05:13 EDT 2025: Server is running properly
Sun Jul 27 13:05:43 EDT 2025: Server is running properly
Sun Jul 27 13:06:13 EDT 2025: Server is running properly
Sun Jul 27 13:06:43 EDT 2025: Server is running properly
Sun Jul 27 13:07:13 EDT 2025: Server is running properly
Sun Jul 27 13:07:43 EDT 2025: Server is running properly
Sun Jul 27 13:08:13 EDT 2025: Server is running properly
Sun Jul 27 13:08:44 EDT 2025: Server is running properly
Sun Jul 27 13:09:14 EDT 2025: Server is running properly
Sun Jul 27 13:09:44 EDT 2025: Server is running properly
Sun Jul 27 13:10:14 EDT 2025: Server is running properly
Sun Jul 27 13:10:44 EDT 2025: Server is running properly
Sun Jul 27 13:11:14 EDT 2025: Server is running properly
Sun Jul 27 13:11:44 EDT 2025: Server is running properly
Sun Jul 27 13:12:14 EDT 2025: Server is running properly
Sun Jul 27 13:12:44 EDT 2025: Server is running properly
Sun Jul 27 13:13:14 EDT 2025: Server is running properly
Sun Jul 27 13:13:44 EDT 2025: Server is running properly
Sun Jul 27 13:14:14 EDT 2025: Server is running properly
Sun Jul 27 13:14:45 EDT 2025: Server is running properly
Sun Jul 27 13:15:15 EDT 2025: Server is running properly
Sun Jul 27 13:15:45 EDT 2025: Server is running properly
Sun Jul 27 13:16:15 EDT 2025: Server is running properly
Sun Jul 27 13:16:45 EDT 2025: Server is running properly
Sun Jul 27 13:17:15 EDT 2025: Server is running properly
Sun Jul 27 13:17:45 EDT 2025: Server is running properly
Sun Jul 27 13:18:15 EDT 2025: Server is running properly
Sun Jul 27 13:18:45 EDT 2025: Server is running properly
Sun Jul 27 13:19:15 EDT 2025: Server is running properly
Sun Jul 27 13:19:45 EDT 2025: Server is running properly
Sun Jul 27 13:20:16 EDT 2025: Server is running properly
Sun Jul 27 13:20:46 EDT 2025: Server is running properly
Sun Jul 27 13:21:16 EDT 2025: Server is running properly
Sun Jul 27 13:21:46 EDT 2025: Server is running properly
Sun Jul 27 13:22:16 EDT 2025: Server is running properly
Sun Jul 27 13:22:46 EDT 2025: Server is running properly
Sun Jul 27 13:23:16 EDT 2025: Server is running properly
Sun Jul 27 13:23:46 EDT 2025: Server is running properly
Sun Jul 27 13:24:16 EDT 2025: Server is running properly
Sun Jul 27 13:24:46 EDT 2025: Server is running properly
Sun Jul 27 13:25:17 EDT 2025: Server is running properly
Sun Jul 27 13:25:47 EDT 2025: Server is running properly
Sun Jul 27 13:26:17 EDT 2025: Server is running properly
Sun Jul 27 13:26:47 EDT 2025: Server is running properly
Sun Jul 27 13:27:17 EDT 2025: Server is running properly
Sun Jul 27 13:27:47 EDT 2025: Server is running properly
Sun Jul 27 13:28:17 EDT 2025: Server is running properly
Sun Jul 27 13:28:47 EDT 2025: Server is running properly
Sun Jul 27 13:29:17 EDT 2025: Server is running properly
Sun Jul 27 13:29:47 EDT 2025: Server is running properly
Sun Jul 27 13:30:17 EDT 2025: Server is running properly
Sun Jul 27 13:30:48 EDT 2025: Server is running properly
Sun Jul 27 13:31:18 EDT 2025: Server is running properly
Sun Jul 27 13:31:48 EDT 2025: Server is running properly
Sun Jul 27 13:32:18 EDT 2025: Server is running properly
Sun Jul 27 13:32:48 EDT 2025: Server is running properly
Sun Jul 27 13:33:18 EDT 2025: Server is running properly
Sun Jul 27 13:33:48 EDT 2025: Server is running properly
Sun Jul 27 13:34:18 EDT 2025: Server is running properly
Sun Jul 27 13:34:48 EDT 2025: Server is running properly
Sun Jul 27 13:35:18 EDT 2025: Server is running properly
Sun Jul 27 13:35:48 EDT 2025: Server is running properly
Sun Jul 27 13:36:18 EDT 2025: Server is running properly
Sun Jul 27 13:36:48 EDT 2025: Server is running properly
Sun Jul 27 13:37:19 EDT 2025: Server is running properly
Sun Jul 27 13:37:49 EDT 2025: Server is running properly
Sun Jul 27 13:38:19 EDT 2025: Server is running properly
Sun Jul 27 13:38:49 EDT 2025: Server is running properly
Sun Jul 27 13:39:19 EDT 2025: Server is running properly
Sun Jul 27 13:39:49 EDT 2025: Server is running properly
Sun Jul 27 13:40:19 EDT 2025: Server is running properly
Sun Jul 27 13:40:49 EDT 2025: Server is running properly
Sun Jul 27 13:41:19 EDT 2025: Server is running properly
Sun Jul 27 13:41:49 EDT 2025: Server is running properly
Sun Jul 27 13:42:19 EDT 2025: Server is running properly
Sun Jul 27 13:42:50 EDT 2025: Server is running properly
Sun Jul 27 13:43:20 EDT 2025: Server is running properly
Sun Jul 27 13:43:50 EDT 2025: Server is running properly
Sun Jul 27 13:44:20 EDT 2025: Server is running properly
Sun Jul 27 13:44:50 EDT 2025: Server is running properly
Sun Jul 27 13:45:20 EDT 2025: Server is running properly
Sun Jul 27 13:45:50 EDT 2025: Server is running properly
Sun Jul 27 13:46:20 EDT 2025: Server is running properly
Sun Jul 27 13:46:50 EDT 2025: Server is running properly
Sun Jul 27 13:47:20 EDT 2025: Server is running properly
Sun Jul 27 13:47:51 EDT 2025: Server is running properly
Sun Jul 27 13:48:21 EDT 2025: Server is running properly
Sun Jul 27 13:48:51 EDT 2025: Server is running properly
Sun Jul 27 13:49:21 EDT 2025: Server is running properly
Sun Jul 27 13:49:51 EDT 2025: Server is running properly
Sun Jul 27 13:50:21 EDT 2025: Server is running properly
Sun Jul 27 13:50:51 EDT 2025: Server is running properly
Sun Jul 27 13:51:21 EDT 2025: Server is running properly
Sun Jul 27 13:51:51 EDT 2025: Server is running properly
Sun Jul 27 13:52:21 EDT 2025: Server is running properly
Sun Jul 27 13:52:52 EDT 2025: Server is running properly
Sun Jul 27 13:53:22 EDT 2025: Server is running properly
Sun Jul 27 13:53:52 EDT 2025: Server is running properly
Sun Jul 27 13:54:22 EDT 2025: Server is running properly
Sun Jul 27 13:54:52 EDT 2025: Server is running properly
Sun Jul 27 13:55:23 EDT 2025: Server is running properly
Sun Jul 27 13:55:53 EDT 2025: Server is running properly
Sun Jul 27 13:56:23 EDT 2025: Server is running properly
Sun Jul 27 13:56:53 EDT 2025: Server is running properly
Sun Jul 27 13:57:23 EDT 2025: Server is running properly
Sun Jul 27 13:57:54 EDT 2025: Server is running properly
Sun Jul 27 13:58:24 EDT 2025: Server is running properly
Sun Jul 27 13:58:54 EDT 2025: Server is running properly
Sun Jul 27 13:59:24 EDT 2025: Server is running properly
Sun Jul 27 13:59:54 EDT 2025: Server is running properly
Sun Jul 27 14:00:24 EDT 2025: Server is running properly
Sun Jul 27 14:00:54 EDT 2025: Server is running properly
Sun Jul 27 14:01:24 EDT 2025: Server is running properly
Sun Jul 27 14:01:54 EDT 2025: Server is running properly
Sun Jul 27 14:02:25 EDT 2025: Server is running properly
Sun Jul 27 14:02:55 EDT 2025: Server is running properly
Sun Jul 27 14:03:25 EDT 2025: Server is running properly
Sun Jul 27 14:03:55 EDT 2025: Server is running properly
Sun Jul 27 14:04:25 EDT 2025: Server is running properly
Sun Jul 27 14:04:55 EDT 2025: Server is running properly
Sun Jul 27 14:05:25 EDT 2025: Server is running properly
Sun Jul 27 14:05:55 EDT 2025: Server is running properly
Sun Jul 27 14:06:25 EDT 2025: Server is running properly
Sun Jul 27 14:06:56 EDT 2025: Server is running properly
Sun Jul 27 14:07:26 EDT 2025: Server is running properly
Sun Jul 27 14:07:56 EDT 2025: Server is running properly
Sun Jul 27 14:08:27 EDT 2025: Server is running properly
Sun Jul 27 14:08:57 EDT 2025: Server is running properly
Sun Jul 27 14:09:27 EDT 2025: Server is running properly
Sun Jul 27 14:09:57 EDT 2025: Server process not found
Sun Jul 27 14:09:57 EDT 2025: Server is not running, restarting...
Sun Jul 27 14:09:57 EDT 2025: Restarting development server...
Sun Jul 27 14:09:59 EDT 2025: Starting development server...
Sun Jul 27 14:09:59 EDT 2025: Server started with PID 75708
Sun Jul 27 14:10:39 EDT 2025: Server is running properly
Sun Jul 27 14:11:09 EDT 2025: Server is running properly
Sun Jul 27 14:11:40 EDT 2025: Server is running properly
Sun Jul 27 14:12:10 EDT 2025: Server is running properly
Sun Jul 27 14:12:40 EDT 2025: Server is running properly
Sun Jul 27 14:13:10 EDT 2025: Server is running properly
Sun Jul 27 14:13:41 EDT 2025: Server is running properly
Sun Jul 27 14:14:11 EDT 2025: Server is running properly
Sun Jul 27 14:14:41 EDT 2025: Server is running properly
Sun Jul 27 14:15:11 EDT 2025: Server is running properly
Sun Jul 27 14:15:41 EDT 2025: Server is running properly
Sun Jul 27 14:16:11 EDT 2025: Server process not found
Sun Jul 27 14:16:11 EDT 2025: Server is not running, restarting...
Sun Jul 27 14:16:11 EDT 2025: Restarting development server...
Sun Jul 27 14:16:13 EDT 2025: Starting development server...
Sun Jul 27 14:16:13 EDT 2025: Server started with PID 77455
Sun Jul 27 14:16:53 EDT 2025: Server is running properly
Sun Jul 27 14:17:23 EDT 2025: Server is running properly
Sun Jul 27 14:17:53 EDT 2025: Server is running properly
Sun Jul 27 14:18:24 EDT 2025: Server is running properly
Sun Jul 27 14:18:54 EDT 2025: Server is running properly
Sun Jul 27 14:19:24 EDT 2025: Server is running properly
Sun Jul 27 14:19:54 EDT 2025: Server is running properly
Sun Jul 27 14:20:24 EDT 2025: Server is running properly
Sun Jul 27 14:20:54 EDT 2025: Server is running properly
Sun Jul 27 14:21:24 EDT 2025: Server is running properly
Sun Jul 27 14:21:54 EDT 2025: Server is running properly
Sun Jul 27 14:22:24 EDT 2025: Server is running properly
Sun Jul 27 14:22:54 EDT 2025: Server is running properly
Sun Jul 27 14:23:24 EDT 2025: Server is running properly
Sun Jul 27 14:23:55 EDT 2025: Server is running properly
Sun Jul 27 14:24:25 EDT 2025: Server is running properly
Sun Jul 27 14:24:55 EDT 2025: Server is running properly
Sun Jul 27 14:25:25 EDT 2025: Server is running properly
Sun Jul 27 14:25:55 EDT 2025: Server is running properly
Sun Jul 27 14:26:25 EDT 2025: Server is running properly
Sun Jul 27 14:26:55 EDT 2025: Server is running properly
Sun Jul 27 14:27:26 EDT 2025: Server process not found
Sun Jul 27 14:27:26 EDT 2025: Server is not running, restarting...
Sun Jul 27 14:27:26 EDT 2025: Restarting development server...
Sun Jul 27 14:27:28 EDT 2025: Starting development server...
Sun Jul 27 14:27:28 EDT 2025: Server started with PID 79860
Sun Jul 27 14:28:08 EDT 2025: Server is running properly
Sun Jul 27 14:28:38 EDT 2025: Server is running properly
Sun Jul 27 14:29:08 EDT 2025: Server is running properly
Sun Jul 27 14:29:38 EDT 2025: Server is running properly
Sun Jul 27 14:30:08 EDT 2025: Server is running properly
Sun Jul 27 14:30:38 EDT 2025: Server is running properly
Sun Jul 27 14:31:08 EDT 2025: Server is running properly
Sun Jul 27 14:31:38 EDT 2025: Server is running properly
Sun Jul 27 14:32:09 EDT 2025: Server is running properly
Sun Jul 27 14:32:39 EDT 2025: Server is running properly
Sun Jul 27 14:33:09 EDT 2025: Server process not found
Sun Jul 27 14:33:09 EDT 2025: Server is not running, restarting...
Sun Jul 27 14:33:09 EDT 2025: Restarting development server...
Sun Jul 27 14:33:11 EDT 2025: Starting development server...
Sun Jul 27 14:33:11 EDT 2025: Server started with PID 82009
Sun Jul 27 14:33:53 EDT 2025: Server is running properly
Sun Jul 27 14:34:24 EDT 2025: Server is running properly
Sun Jul 27 14:34:54 EDT 2025: Server is running properly
Sun Jul 27 14:35:24 EDT 2025: Server process exists but not responsive
Sun Jul 27 14:35:24 EDT 2025: Server is not running, restarting...
Sun Jul 27 14:35:24 EDT 2025: Restarting development server...
Sun Jul 27 14:35:24 EDT 2025: Stopping server with PID 82009
Sun Jul 27 14:35:31 EDT 2025: Starting development server...
Sun Jul 27 14:35:31 EDT 2025: Server started with PID 82502
Sun Jul 27 14:36:13 EDT 2025: Server is running properly
Sun Jul 27 14:36:43 EDT 2025: Server is running properly
Sun Jul 27 14:37:13 EDT 2025: Server is running properly
Sun Jul 27 14:37:43 EDT 2025: Server is running properly
Sun Jul 27 14:38:13 EDT 2025: Server is running properly
Sun Jul 27 14:38:43 EDT 2025: Server is running properly
Sun Jul 27 14:39:13 EDT 2025: Server is running properly
Sun Jul 27 14:39:43 EDT 2025: Server is running properly
Sun Jul 27 14:40:13 EDT 2025: Server is running properly
Sun Jul 27 14:40:43 EDT 2025: Server is running properly
Sun Jul 27 14:41:13 EDT 2025: Server is running properly
Sun Jul 27 14:41:44 EDT 2025: Server is running properly
Sun Jul 27 14:42:14 EDT 2025: Server is running properly
Sun Jul 27 14:42:44 EDT 2025: Server is running properly
Sun Jul 27 14:43:14 EDT 2025: Server is running properly
Sun Jul 27 14:43:44 EDT 2025: Server is running properly
Sun Jul 27 14:44:14 EDT 2025: Server is running properly
Sun Jul 27 14:44:44 EDT 2025: Server is running properly
Sun Jul 27 14:45:14 EDT 2025: Server is running properly
Sun Jul 27 14:45:44 EDT 2025: Server is running properly
Sun Jul 27 14:46:14 EDT 2025: Server is running properly
Sun Jul 27 14:46:44 EDT 2025: Server is running properly
Sun Jul 27 14:47:14 EDT 2025: Server is running properly
Sun Jul 27 14:47:44 EDT 2025: Server is running properly
Sun Jul 27 14:48:14 EDT 2025: Server is running properly
Sun Jul 27 14:48:45 EDT 2025: Server is running properly
Sun Jul 27 14:49:15 EDT 2025: Server is running properly
Sun Jul 27 14:49:45 EDT 2025: Server is running properly
Sun Jul 27 14:50:15 EDT 2025: Server is running properly
Sun Jul 27 14:50:45 EDT 2025: Server is running properly
Sun Jul 27 14:51:15 EDT 2025: Server is running properly
Sun Jul 27 14:51:45 EDT 2025: Server is running properly
Sun Jul 27 14:52:15 EDT 2025: Server is running properly
Sun Jul 27 14:52:45 EDT 2025: Server is running properly
Sun Jul 27 14:53:15 EDT 2025: Server is running properly
Sun Jul 27 14:53:45 EDT 2025: Server is running properly
Sun Jul 27 14:54:15 EDT 2025: Server is running properly
Sun Jul 27 14:54:45 EDT 2025: Server is running properly
Sun Jul 27 14:55:16 EDT 2025: Server is running properly
Sun Jul 27 14:55:46 EDT 2025: Server is running properly
Sun Jul 27 14:56:16 EDT 2025: Server is running properly
Sun Jul 27 14:56:46 EDT 2025: Server is running properly
Sun Jul 27 14:57:16 EDT 2025: Server is running properly
Sun Jul 27 14:57:46 EDT 2025: Server is running properly
Sun Jul 27 14:58:16 EDT 2025: Server is running properly
Sun Jul 27 14:58:46 EDT 2025: Server is running properly
Sun Jul 27 14:59:16 EDT 2025: Server is running properly
Sun Jul 27 14:59:46 EDT 2025: Server is running properly
Sun Jul 27 15:00:16 EDT 2025: Server is running properly
Sun Jul 27 15:00:46 EDT 2025: Server is running properly
Sun Jul 27 15:01:16 EDT 2025: Server is running properly
Sun Jul 27 15:01:47 EDT 2025: Server is running properly
Sun Jul 27 15:02:17 EDT 2025: Server is running properly
Sun Jul 27 15:02:47 EDT 2025: Server is running properly
Sun Jul 27 15:03:17 EDT 2025: Server is running properly
Sun Jul 27 15:03:47 EDT 2025: Server is running properly
Sun Jul 27 15:04:17 EDT 2025: Server is running properly
Sun Jul 27 15:04:47 EDT 2025: Server is running properly
Sun Jul 27 15:05:17 EDT 2025: Server is running properly
Sun Jul 27 15:05:48 EDT 2025: Server is running properly
Sun Jul 27 15:06:18 EDT 2025: Server is running properly
Sun Jul 27 15:06:48 EDT 2025: Server is running properly
Sun Jul 27 15:07:18 EDT 2025: Server is running properly
Sun Jul 27 15:07:48 EDT 2025: Server is running properly
Sun Jul 27 15:08:18 EDT 2025: Server is running properly
Sun Jul 27 15:08:48 EDT 2025: Server is running properly
Sun Jul 27 15:09:18 EDT 2025: Server is running properly
Sun Jul 27 15:09:48 EDT 2025: Server is running properly
Sun Jul 27 15:10:18 EDT 2025: Server is running properly
Sun Jul 27 15:10:48 EDT 2025: Server is running properly
Sun Jul 27 15:11:18 EDT 2025: Server is running properly
Sun Jul 27 15:11:49 EDT 2025: Server is running properly
Sun Jul 27 15:12:19 EDT 2025: Server is running properly
Sun Jul 27 15:12:49 EDT 2025: Server is running properly
Sun Jul 27 15:13:19 EDT 2025: Server is running properly
Sun Jul 27 15:13:49 EDT 2025: Server is running properly
Sun Jul 27 15:14:19 EDT 2025: Server is running properly
Sun Jul 27 15:14:49 EDT 2025: Server is running properly
Sun Jul 27 15:15:19 EDT 2025: Server is running properly
Sun Jul 27 15:15:49 EDT 2025: Server is running properly
Sun Jul 27 15:16:19 EDT 2025: Server is running properly
Sun Jul 27 15:16:49 EDT 2025: Server is running properly
Sun Jul 27 15:17:19 EDT 2025: Server is running properly
Sun Jul 27 15:17:50 EDT 2025: Server is running properly
Sun Jul 27 15:18:20 EDT 2025: Server is running properly
Sun Jul 27 15:18:50 EDT 2025: Server is running properly
Sun Jul 27 15:19:20 EDT 2025: Server is running properly
Sun Jul 27 15:19:50 EDT 2025: Server is running properly
Sun Jul 27 15:20:20 EDT 2025: Server is running properly
Sun Jul 27 15:20:50 EDT 2025: Server is running properly
Sun Jul 27 15:21:20 EDT 2025: Server is running properly
Sun Jul 27 15:21:50 EDT 2025: Server is running properly
Sun Jul 27 15:22:20 EDT 2025: Server is running properly
Sun Jul 27 15:22:50 EDT 2025: Server is running properly
Sun Jul 27 15:23:20 EDT 2025: Server is running properly
Sun Jul 27 15:23:51 EDT 2025: Server is running properly
Sun Jul 27 15:24:21 EDT 2025: Server is running properly
Sun Jul 27 15:24:51 EDT 2025: Server is running properly
Sun Jul 27 15:25:21 EDT 2025: Server is running properly
Sun Jul 27 15:25:51 EDT 2025: Server is running properly
Sun Jul 27 15:26:21 EDT 2025: Server is running properly
Sun Jul 27 15:26:51 EDT 2025: Server is running properly
Sun Jul 27 15:27:21 EDT 2025: Server is running properly
Sun Jul 27 15:27:51 EDT 2025: Server process not found
Sun Jul 27 15:27:51 EDT 2025: Server is not running, restarting...
Sun Jul 27 15:27:51 EDT 2025: Restarting development server...
Sun Jul 27 15:27:53 EDT 2025: Starting development server...
Sun Jul 27 15:27:53 EDT 2025: Server started with PID 85691
Sun Jul 27 15:28:35 EDT 2025: Server is running properly
Sun Jul 27 15:29:05 EDT 2025: Server is running properly
Sun Jul 27 15:29:35 EDT 2025: Server is running properly
Sun Jul 27 15:30:05 EDT 2025: Server is running properly
Sun Jul 27 15:30:36 EDT 2025: Server is running properly
Sun Jul 27 15:31:06 EDT 2025: Server is running properly
Sun Jul 27 15:31:36 EDT 2025: Server is running properly
Sun Jul 27 15:32:06 EDT 2025: Server is running properly
Sun Jul 27 15:32:36 EDT 2025: Server is running properly
Sun Jul 27 15:33:06 EDT 2025: Server is running properly
Sun Jul 27 15:33:36 EDT 2025: Server is running properly
Sun Jul 27 15:34:06 EDT 2025: Server is running properly
Sun Jul 27 15:34:36 EDT 2025: Server is running properly
Sun Jul 27 15:35:06 EDT 2025: Server is running properly
Sun Jul 27 15:35:36 EDT 2025: Server is running properly
Sun Jul 27 15:36:06 EDT 2025: Server process exists but not responsive
Sun Jul 27 15:36:06 EDT 2025: Server is not running, restarting...
Sun Jul 27 15:36:06 EDT 2025: Restarting development server...
Sun Jul 27 15:36:06 EDT 2025: Stopping server with PID 85691
Sun Jul 27 15:36:13 EDT 2025: Starting development server...
Sun Jul 27 15:36:13 EDT 2025: Server started with PID 87260
Sun Jul 27 15:36:56 EDT 2025: Server is running properly
Sun Jul 27 15:37:26 EDT 2025: Server is running properly
Sun Jul 27 15:37:56 EDT 2025: Server is running properly
Sun Jul 27 15:38:26 EDT 2025: Server is running properly
Sun Jul 27 15:38:56 EDT 2025: Server is running properly
